<?xml version="1.0" encoding="UTF-8"?>
<!-- Generated by org.testng.reporters.JUnitReportReporter -->
<testsuite hostname="LAPTOP-9SQN28FB" failures="0" tests="1" name="firstpack.Listeners1" time="0.024" errors="0" timestamp="2023-04-12T16:50:24 IST" skipped="1">
  <testcase classname="firstpack.Listeners1" name="sample" time="0.024">
    <skipped/>
  </testcase> <!-- sample -->
  <system-out/>
</testsuite> <!-- firstpack.Listeners1 -->
