<?xml version="1.0" encoding="UTF-8"?>
<!-- Generated by org.testng.reporters.JUnitReportReporter -->
<testsuite hostname="LAPTOP-9SQN28FB" failures="0" tests="1" name="packThree.ClassSix" time="0.011" errors="0" timestamp="2023-04-11T12:36:20 IST" skipped="0">
  <testcase classname="packThree.ClassSix" name="testSix" time="0.011"/>
  <system-out/>
</testsuite> <!-- packThree.ClassSix -->
