<?xml version="1.0" encoding="UTF-8"?>
<!-- Generated by org.testng.reporters.JUnitReportReporter -->
<testsuite hostname="LAPTOP-9SQN28FB" failures="0" tests="1" name="firstpack.Properties1" time="21.689" errors="0" timestamp="2023-04-13T17:21:43 IST" skipped="0">
  <testcase classname="firstpack.Properties1" name="p1" time="21.689"/>
  <system-out/>
</testsuite> <!-- firstpack.Properties1 -->
