<?xml version="1.0" encoding="UTF-8"?>
<!-- Generated by org.testng.reporters.JUnitReportReporter -->
<testsuite hostname="LAPTOP-9SQN28FB" failures="0" tests="2" name="packThree.ClassFive" time="0.022" errors="0" timestamp="2023-05-03T23:32:30 IST" skipped="1">
  <testcase classname="packThree.ClassFive" name="testFiveA" time="0.022"/>
  <system-out/>
  <testcase classname="packThree.ClassFive" name="testFiveB">
    <skipped/>
  </testcase> <!-- testFiveB -->
  <system-out/>
</testsuite> <!-- packThree.ClassFive -->
