<?xml version="1.0" encoding="UTF-8"?>
<!-- Generated by org.testng.reporters.JUnitReportReporter -->
<testsuite hostname="LAPTOP-9SQN28FB" failures="0" tests="1" name="packTwo.ClassFour" time="0.008" errors="0" timestamp="2023-04-11T12:36:20 IST" skipped="0">
  <testcase classname="packTwo.ClassFour" name="testFour" time="0.008"/>
  <system-out/>
</testsuite> <!-- packTwo.ClassFour -->
