<?xml version="1.0" encoding="UTF-8"?>
<!-- Generated by org.testng.reporters.JUnitReportReporter -->
<testsuite hostname="LAPTOP-9SQN28FB" failures="0" tests="1" name="packOne.ClassTwo" time="32.823" errors="0" timestamp="2023-05-03T23:37:00 IST" skipped="0">
  <testcase classname="packOne.ClassTwo" name="testtwo" time="32.823"/>
  <system-out/>
</testsuite> <!-- packOne.ClassTwo -->
