<?xml version="1.0" encoding="UTF-8"?>
<!-- Generated by org.testng.reporters.JUnitReportReporter -->
<testsuite hostname="LAPTOP-9SQN28FB" failures="0" tests="3" name="firstpack.DataDriven" time="0.040" errors="0" timestamp="2023-05-03T23:48:37 IST" skipped="0">
  <testcase classname="firstpack.DataDriven" name="login" time="0.008"/>
  <system-out/>
  <testcase classname="firstpack.DataDriven" name="login" time="0.024"/>
  <system-out/>
  <testcase classname="firstpack.DataDriven" name="login" time="0.008"/>
  <system-out/>
</testsuite> <!-- firstpack.DataDriven -->
