<?xml version="1.0" encoding="UTF-8"?>
<!-- Generated by org.testng.reporters.JUnitReportReporter -->
<testsuite hostname="LAPTOP-9SQN28FB" failures="0" tests="1" name="parallelExecution.One" time="109.222" errors="0" timestamp="2023-04-12T18:37:22 IST" skipped="0">
  <testcase classname="parallelExecution.One" name="chrome" time="109.222"/>
  <system-out/>
</testsuite> <!-- parallelExecution.One -->
