<?xml version="1.0" encoding="UTF-8"?>
<!-- Generated by org.testng.reporters.JUnitReportReporter -->
<testsuite hostname="LAPTOP-9SQN28FB" failures="0" tests="1" name="packOne.Parameter" time="23.992" errors="0" timestamp="2023-04-12T18:41:15 IST" skipped="0">
  <testcase classname="packOne.Parameter" name="para1" time="23.992"/>
  <system-out/>
</testsuite> <!-- packOne.Parameter -->
