<?xml version="1.0" encoding="UTF-8"?>
<!-- Generated by org.testng.reporters.JUnitReportReporter -->
<testsuite hostname="LAPTOP-9SQN28FB" failures="0" tests="2" name="packOne.ClassOne" time="0.035" errors="0" timestamp="2023-05-03T23:26:39 IST" skipped="0">
  <testcase classname="packOne.ClassOne" name="testOneB" time="0.005"/>
  <system-out/>
  <testcase classname="packOne.ClassOne" name="testOneA" time="0.030"/>
  <system-out/>
</testsuite> <!-- packOne.ClassOne -->
