<?xml version="1.0" encoding="UTF-8"?>
<!-- Generated by org.testng.reporters.JUnitReportReporter -->
<testsuite hostname="LAPTOP-9SQN28FB" failures="0" tests="1" name="firstpack.Demo3" time="28.292" errors="0" timestamp="2023-04-17T22:51:40 IST" skipped="0">
  <testcase classname="firstpack.Demo3" name="cart" time="28.292"/>
  <system-out/>
</testsuite> <!-- firstpack.Demo3 -->
