<?xml version="1.0" encoding="UTF-8"?>
<!-- Generated by org.testng.reporters.JUnitReportReporter -->
<testsuite hostname="LAPTOP-9SQN28FB" failures="0" tests="1" name="parallelExecution.Three" time="69.428" errors="0" timestamp="2023-04-12T18:37:22 IST" skipped="0">
  <testcase classname="parallelExecution.Three" name="driver" time="69.428"/>
  <system-out/>
</testsuite> <!-- parallelExecution.Three -->
