<?xml version="1.0" encoding="UTF-8"?>
<!-- Generated by org.testng.reporters.JUnitReportReporter -->
<testsuite hostname="LAPTOP-9SQN28FB" failures="0" tests="1" name="firstpack.Extents" time="32.454" errors="0" timestamp="2023-04-16T15:07:14 IST" skipped="0">
  <testcase classname="firstpack.Extents" name="loginTest" time="32.454"/>
  <system-out/>
</testsuite> <!-- firstpack.Extents -->
