<?xml version="1.0" encoding="UTF-8"?>
<!-- Generated by org.testng.reporters.JUnitReportReporter -->
<testsuite hostname="LAPTOP-9SQN28FB" failures="0" tests="4" name="firstpack.Example" time="0.068" errors="0" timestamp="2023-04-11T12:36:20 IST" skipped="0">
  <testcase classname="firstpack.Example" name="login" time="0.057"/>
  <system-out/>
  <testcase classname="firstpack.Example" name="search" time="0.003"/>
  <system-out/>
  <testcase classname="firstpack.Example" name="addToCart" time="0.005"/>
  <system-out/>
  <testcase classname="firstpack.Example" name="logout" time="0.003"/>
  <system-out/>
</testsuite> <!-- firstpack.Example -->
