<?xml version="1.0" encoding="UTF-8"?>
<!-- Generated by org.testng.reporters.JUnitReportReporter -->
<testsuite hostname="LAPTOP-9SQN28FB" failures="0" tests="1" name="packTwo.ClassThree" time="0.012" errors="0" timestamp="2023-04-11T12:39:09 IST" skipped="0">
  <testcase classname="packTwo.ClassThree" name="testThree" time="0.012"/>
  <system-out/>
</testsuite> <!-- packTwo.ClassThree -->
