<?xml version="1.0" encoding="UTF-8"?>
<!-- Generated by org.testng.reporters.JUnitReportReporter -->
<testsuite hostname="LAPTOP-9SQN28FB" failures="0" tests="1" name="parallelExecution.Two" time="58.710" errors="0" timestamp="2023-04-12T18:37:22 IST" skipped="0">
  <testcase classname="parallelExecution.Two" name="edge" time="58.710"/>
  <system-out/>
</testsuite> <!-- parallelExecution.Two -->
